<?xml version="1.0" encoding="UTF-8"?>
<!-- Generated by org.testng.reporters.JUnitReportReporter -->
<testsuite hostname="DESKTOP-LJDPNHE" failures="0" tests="6" name="tests.flipkartSearchTest" time="43.622" errors="0" timestamp="2024-02-18T19:48:58 IST" skipped="0">
  <testcase classname="tests.flipkartSearchTest" name="addSponsoreditem" time="7.024"/>
  <system-out/>
  <testcase classname="tests.flipkartSearchTest" name="testSearch" time="5.011"/>
  <system-out/>
  <testcase classname="tests.flipkartSearchTest" name="testSearch" time="5.798"/>
  <system-out/>
  <testcase classname="tests.flipkartSearchTest" name="addSponsoreditem" time="7.289"/>
  <system-out/>
  <testcase classname="tests.flipkartSearchTest" name="addSponsoreditem" time="13.406"/>
  <system-out/>
  <testcase classname="tests.flipkartSearchTest" name="testSearch" time="5.094"/>
  <system-out/>
</testsuite> <!-- tests.flipkartSearchTest -->
